<?xml version="1.0" encoding="UTF-8"?>
<!-- Generated by org.testng.reporters.JUnitReportReporter -->
<testsuite hostname="DESKTOP-HR6JK40" failures="0" tests="1" name="com.example.AppTest" time="0.000" errors="0" timestamp="2024-03-26T14:43:07 IST" skipped="0">
  <testcase classname="com.example.AppTest" name="testLogin" time="0.000"/>
</testsuite> <!-- com.example.AppTest -->
